mode: atomic
semantic-cache/database/qdrant_client.go:42.49,48.16 2 0
semantic-cache/database/qdrant_client.go:48.16,50.3 1 0
semantic-cache/database/qdrant_client.go:52.2,56.16 4 0
semantic-cache/database/qdrant_client.go:56.16,58.3 1 0
semantic-cache/database/qdrant_client.go:59.2,62.16 3 0
semantic-cache/database/qdrant_client.go:62.16,64.3 1 0
semantic-cache/database/qdrant_client.go:66.2,66.12 1 0
semantic-cache/database/qdrant_client.go:66.12,69.3 2 0
semantic-cache/database/qdrant_client.go:71.2,86.16 2 0
semantic-cache/database/qdrant_client.go:86.16,88.3 1 0
semantic-cache/database/qdrant_client.go:90.2,91.20 2 0
semantic-cache/database/qdrant_client.go:95.39,96.29 1 0
semantic-cache/database/qdrant_client.go:96.29,99.17 3 0
semantic-cache/database/qdrant_client.go:99.17,101.4 1 0
semantic-cache/database/qdrant_client.go:103.2,103.29 1 0
semantic-cache/database/qdrant_client.go:106.83,119.16 2 0
semantic-cache/database/qdrant_client.go:119.16,121.3 1 0
semantic-cache/database/qdrant_client.go:123.2,126.38 3 0
semantic-cache/database/qdrant_client.go:126.38,133.3 2 0
semantic-cache/database/qdrant_client.go:135.2,135.24 1 0
semantic-cache/database/qdrant_client.go:138.116,161.16 6 0
semantic-cache/database/qdrant_client.go:161.16,163.3 1 0
semantic-cache/database/qdrant_client.go:164.2,166.34 2 0
semantic-cache/embeddings/emedding_client.go:43.62,45.18 2 0
semantic-cache/embeddings/emedding_client.go:45.18,48.3 2 0
semantic-cache/embeddings/emedding_client.go:50.2,59.16 4 0
semantic-cache/embeddings/emedding_client.go:59.16,61.3 1 0
semantic-cache/embeddings/emedding_client.go:63.2,66.16 3 0
semantic-cache/embeddings/emedding_client.go:66.16,68.3 1 0
semantic-cache/embeddings/emedding_client.go:70.2,77.16 6 0
semantic-cache/embeddings/emedding_client.go:77.16,79.3 1 0
semantic-cache/embeddings/emedding_client.go:80.2,85.16 4 0
semantic-cache/embeddings/emedding_client.go:85.16,87.3 1 0
semantic-cache/embeddings/emedding_client.go:89.2,91.16 3 0
semantic-cache/embeddings/emedding_client.go:91.16,93.3 1 0
semantic-cache/embeddings/emedding_client.go:95.2,95.38 1 0
semantic-cache/embeddings/emedding_client.go:95.38,97.3 1 0
semantic-cache/embeddings/emedding_client.go:99.2,99.49 1 0
semantic-cache/embeddings/emedding_client.go:102.61,111.16 4 0
semantic-cache/embeddings/emedding_client.go:111.16,113.3 1 0
semantic-cache/embeddings/emedding_client.go:115.2,118.16 3 0
semantic-cache/embeddings/emedding_client.go:118.16,120.3 1 0
semantic-cache/embeddings/emedding_client.go:122.2,128.16 5 0
semantic-cache/embeddings/emedding_client.go:128.16,130.3 1 0
semantic-cache/embeddings/emedding_client.go:131.2,136.16 4 0
semantic-cache/embeddings/emedding_client.go:136.16,138.3 1 0
semantic-cache/embeddings/emedding_client.go:140.2,142.16 3 0
semantic-cache/embeddings/emedding_client.go:142.16,144.3 1 0
semantic-cache/embeddings/emedding_client.go:146.2,146.44 1 0
semantic-cache/embeddings/emedding_client.go:146.44,148.3 1 0
semantic-cache/embeddings/emedding_client.go:150.2,150.42 1 0
semantic-cache/main.go:24.13,54.12 11 0
semantic-cache/main.go:54.12,56.84 2 0
semantic-cache/main.go:56.84,58.4 1 0
semantic-cache/main.go:62.2,71.53 5 0
semantic-cache/main.go:71.53,73.3 1 0
semantic-cache/main.go:75.2,75.34 1 0
semantic-cache/database/qdrant_client.go:42.49,48.16 2 0
semantic-cache/database/qdrant_client.go:48.16,50.3 1 0
semantic-cache/database/qdrant_client.go:52.2,56.16 4 0
semantic-cache/database/qdrant_client.go:56.16,58.3 1 0
semantic-cache/database/qdrant_client.go:59.2,62.16 3 0
semantic-cache/database/qdrant_client.go:62.16,64.3 1 0
semantic-cache/database/qdrant_client.go:66.2,66.12 1 0
semantic-cache/database/qdrant_client.go:66.12,69.3 2 0
semantic-cache/database/qdrant_client.go:71.2,86.16 2 0
semantic-cache/database/qdrant_client.go:86.16,88.3 1 0
semantic-cache/database/qdrant_client.go:90.2,91.20 2 0
semantic-cache/database/qdrant_client.go:95.39,96.29 1 0
semantic-cache/database/qdrant_client.go:96.29,99.17 3 0
semantic-cache/database/qdrant_client.go:99.17,101.4 1 0
semantic-cache/database/qdrant_client.go:103.2,103.29 1 0
semantic-cache/database/qdrant_client.go:106.83,119.16 2 0
semantic-cache/database/qdrant_client.go:119.16,121.3 1 0
semantic-cache/database/qdrant_client.go:123.2,126.38 3 0
semantic-cache/database/qdrant_client.go:126.38,133.3 2 0
semantic-cache/database/qdrant_client.go:135.2,135.24 1 0
semantic-cache/database/qdrant_client.go:138.116,161.16 6 0
semantic-cache/database/qdrant_client.go:161.16,163.3 1 0
semantic-cache/database/qdrant_client.go:164.2,166.34 2 0
semantic-cache/embeddings/emedding_client.go:43.62,45.18 2 0
semantic-cache/embeddings/emedding_client.go:45.18,48.3 2 0
semantic-cache/embeddings/emedding_client.go:50.2,59.16 4 0
semantic-cache/embeddings/emedding_client.go:59.16,61.3 1 0
semantic-cache/embeddings/emedding_client.go:63.2,66.16 3 0
semantic-cache/embeddings/emedding_client.go:66.16,68.3 1 0
semantic-cache/embeddings/emedding_client.go:70.2,77.16 6 0
semantic-cache/embeddings/emedding_client.go:77.16,79.3 1 0
semantic-cache/embeddings/emedding_client.go:80.2,85.16 4 0
semantic-cache/embeddings/emedding_client.go:85.16,87.3 1 0
semantic-cache/embeddings/emedding_client.go:89.2,91.16 3 0
semantic-cache/embeddings/emedding_client.go:91.16,93.3 1 0
semantic-cache/embeddings/emedding_client.go:95.2,95.38 1 0
semantic-cache/embeddings/emedding_client.go:95.38,97.3 1 0
semantic-cache/embeddings/emedding_client.go:99.2,99.49 1 0
semantic-cache/embeddings/emedding_client.go:102.61,111.16 4 1
semantic-cache/embeddings/emedding_client.go:111.16,113.3 1 0
semantic-cache/embeddings/emedding_client.go:115.2,118.16 3 1
semantic-cache/embeddings/emedding_client.go:118.16,120.3 1 0
semantic-cache/embeddings/emedding_client.go:122.2,128.16 5 1
semantic-cache/embeddings/emedding_client.go:128.16,130.3 1 1
semantic-cache/embeddings/emedding_client.go:131.2,136.16 4 0
semantic-cache/embeddings/emedding_client.go:136.16,138.3 1 0
semantic-cache/embeddings/emedding_client.go:140.2,142.16 3 0
semantic-cache/embeddings/emedding_client.go:142.16,144.3 1 0
semantic-cache/embeddings/emedding_client.go:146.2,146.44 1 0
semantic-cache/embeddings/emedding_client.go:146.44,148.3 1 0
semantic-cache/embeddings/emedding_client.go:150.2,150.42 1 0
semantic-cache/handlers/handlers.go:33.43,39.73 4 3
semantic-cache/handlers/handlers.go:39.73,44.3 2 1
semantic-cache/handlers/handlers.go:46.2,46.49 1 2
semantic-cache/handlers/handlers.go:46.49,51.3 2 1
semantic-cache/handlers/handlers.go:53.2,62.16 5 1
semantic-cache/handlers/handlers.go:62.16,67.3 2 1
semantic-cache/handlers/handlers.go:69.2,78.16 5 0
semantic-cache/handlers/handlers.go:78.16,82.3 1 0
semantic-cache/handlers/handlers.go:84.2,86.29 2 0
semantic-cache/handlers/handlers.go:86.29,96.17 3 0
semantic-cache/handlers/handlers.go:96.17,100.4 1 0
semantic-cache/handlers/handlers.go:103.3,104.26 2 0
semantic-cache/handlers/handlers.go:108.2,115.16 3 0
semantic-cache/handlers/handlers.go:115.16,119.3 1 0
semantic-cache/handlers/handlers.go:122.2,123.25 2 0
semantic-cache/handlers/handlers.go:126.43,131.73 3 0
semantic-cache/handlers/handlers.go:131.73,136.3 2 0
semantic-cache/handlers/handlers.go:138.2,138.49 1 0
semantic-cache/handlers/handlers.go:138.49,143.3 2 0
semantic-cache/handlers/handlers.go:145.2,154.16 5 0
semantic-cache/handlers/handlers.go:154.16,156.3 1 0
semantic-cache/handlers/handlers.go:158.2,174.16 7 0
semantic-cache/handlers/handlers.go:174.16,179.3 2 0
semantic-cache/handlers/handlers.go:182.2,183.25 2 0
