mode: atomic
semantic-cache/database/qdrant_client.go:42.49,48.16 2 0
semantic-cache/database/qdrant_client.go:48.16,50.3 1 0
semantic-cache/database/qdrant_client.go:52.2,56.16 4 0
semantic-cache/database/qdrant_client.go:56.16,58.3 1 0
semantic-cache/database/qdrant_client.go:59.2,62.16 3 0
semantic-cache/database/qdrant_client.go:62.16,64.3 1 0
semantic-cache/database/qdrant_client.go:66.2,66.12 1 0
semantic-cache/database/qdrant_client.go:66.12,69.3 2 0
semantic-cache/database/qdrant_client.go:71.2,86.16 2 0
semantic-cache/database/qdrant_client.go:86.16,88.3 1 0
semantic-cache/database/qdrant_client.go:90.2,91.20 2 0
semantic-cache/database/qdrant_client.go:95.39,96.29 1 0
semantic-cache/database/qdrant_client.go:96.29,99.17 3 0
semantic-cache/database/qdrant_client.go:99.17,101.4 1 0
semantic-cache/database/qdrant_client.go:103.2,103.29 1 0
semantic-cache/database/qdrant_client.go:106.83,119.16 2 0
semantic-cache/database/qdrant_client.go:119.16,121.3 1 0
semantic-cache/database/qdrant_client.go:123.2,126.38 3 0
semantic-cache/database/qdrant_client.go:126.38,133.3 2 0
semantic-cache/database/qdrant_client.go:135.2,135.24 1 0
semantic-cache/database/qdrant_client.go:138.116,161.16 6 0
semantic-cache/database/qdrant_client.go:161.16,163.3 1 0
semantic-cache/database/qdrant_client.go:164.2,166.34 2 0
semantic-cache/main.go:24.13,54.12 11 0
semantic-cache/main.go:54.12,56.84 2 0
semantic-cache/main.go:56.84,58.4 1 0
semantic-cache/main.go:62.2,71.53 5 0
semantic-cache/main.go:71.53,73.3 1 0
semantic-cache/main.go:75.2,75.34 1 0
semantic-cache/database/qdrant_client.go:42.49,48.16 2 0
semantic-cache/database/qdrant_client.go:48.16,50.3 1 0
semantic-cache/database/qdrant_client.go:52.2,56.16 4 0
semantic-cache/database/qdrant_client.go:56.16,58.3 1 0
semantic-cache/database/qdrant_client.go:59.2,62.16 3 0
semantic-cache/database/qdrant_client.go:62.16,64.3 1 0
semantic-cache/database/qdrant_client.go:66.2,66.12 1 0
semantic-cache/database/qdrant_client.go:66.12,69.3 2 0
semantic-cache/database/qdrant_client.go:71.2,86.16 2 0
semantic-cache/database/qdrant_client.go:86.16,88.3 1 0
semantic-cache/database/qdrant_client.go:90.2,91.20 2 0
semantic-cache/database/qdrant_client.go:95.39,96.29 1 0
semantic-cache/database/qdrant_client.go:96.29,99.17 3 0
semantic-cache/database/qdrant_client.go:99.17,101.4 1 0
semantic-cache/database/qdrant_client.go:103.2,103.29 1 0
semantic-cache/database/qdrant_client.go:106.83,119.16 2 0
semantic-cache/database/qdrant_client.go:119.16,121.3 1 0
semantic-cache/database/qdrant_client.go:123.2,126.38 3 0
semantic-cache/database/qdrant_client.go:126.38,133.3 2 0
semantic-cache/database/qdrant_client.go:135.2,135.24 1 0
semantic-cache/database/qdrant_client.go:138.116,161.16 6 0
semantic-cache/database/qdrant_client.go:161.16,163.3 1 0
semantic-cache/database/qdrant_client.go:164.2,166.34 2 0
semantic-cache/handlers/handlers.go:36.43,42.73 4 2
semantic-cache/handlers/handlers.go:42.73,47.3 2 0
semantic-cache/handlers/handlers.go:49.2,49.49 1 2
semantic-cache/handlers/handlers.go:49.49,54.3 2 1
semantic-cache/handlers/handlers.go:56.2,65.16 5 1
semantic-cache/handlers/handlers.go:65.16,70.3 2 1
semantic-cache/handlers/handlers.go:72.2,81.16 5 0
semantic-cache/handlers/handlers.go:81.16,85.3 1 0
semantic-cache/handlers/handlers.go:87.2,89.29 2 0
semantic-cache/handlers/handlers.go:89.29,99.17 3 0
semantic-cache/handlers/handlers.go:99.17,103.4 1 0
semantic-cache/handlers/handlers.go:106.3,107.26 2 0
semantic-cache/handlers/handlers.go:111.2,118.16 3 0
semantic-cache/handlers/handlers.go:118.16,122.3 1 0
semantic-cache/handlers/handlers.go:125.2,126.25 2 0
semantic-cache/handlers/handlers.go:129.43,134.73 3 0
semantic-cache/handlers/handlers.go:134.73,139.3 2 0
semantic-cache/handlers/handlers.go:141.2,141.49 1 0
semantic-cache/handlers/handlers.go:141.49,146.3 2 0
semantic-cache/handlers/handlers.go:148.2,157.16 5 0
semantic-cache/handlers/handlers.go:157.16,159.3 1 0
semantic-cache/handlers/handlers.go:161.2,177.16 7 0
semantic-cache/handlers/handlers.go:177.16,182.3 2 0
semantic-cache/handlers/handlers.go:185.2,186.25 2 0
